<?xml version="1.0" encoding="UTF-8"?>
<testsuite name="JUnit Jupiter" tests="1" skipped="0" failures="0" errors="0" time="0.104" hostname="lindeMacBook-Pro.local" timestamp="2021-06-15T23:27:19">
<properties>
<property name="CONSOLE_LOG_CHARSET" value="UTF-8"/>
<property name="FILE_LOG_CHARSET" value="UTF-8"/>
<property name="PID" value="8613"/>
<property name="awt.toolkit" value="sun.lwawt.macosx.LWCToolkit"/>
<property name="file.encoding" value="UTF-8"/>
<property name="file.separator" value="/"/>
<property name="java.awt.graphicsenv" value="sun.awt.CGraphicsEnvironment"/>
<property name="java.awt.headless" value="true"/>
<property name="java.awt.printerjob" value="sun.lwawt.macosx.CPrinterJob"/>
<property name="java.class.path" value=""/>
<property name="java.class.version" value="55.0"/>
<property name="java.endorsed.dirs" value=""/>
<property name="java.ext.dirs" value=""/>
<property name="java.io.tmpdir" value="/var/folders/wv/yh51j9vx37g9d_2_vtpr5_x00000gn/T/"/>
<property name="java.library.path" value="."/>
<property name="java.specification.name" value="Java Platform API Specification"/>
<property name="java.specification.vendor" value="Oracle Corporation"/>
<property name="java.specification.version" value="11"/>
<property name="java.vendor" value="Oracle Corporation"/>
<property name="java.vendor.url" value="https://www.graalvm.org/"/>
<property name="java.version" value="11.0.11"/>
<property name="java.vm.name" value="Substrate VM"/>
<property name="java.vm.specification.name" value="Java Virtual Machine Specification"/>
<property name="java.vm.specification.vendor" value="Oracle Corporation"/>
<property name="java.vm.specification.version" value="11"/>
<property name="java.vm.vendor" value="Oracle Corporation"/>
<property name="java.vm.version" value="GraalVM 21.1.0 Java 11 CE"/>
<property name="jdk.lang.Process.launchMechanism" value="FORK"/>
<property name="line.separator" value="
"/>
<property name="org.graalvm.nativeimage.imagecode" value="runtime"/>
<property name="org.graalvm.nativeimage.kind" value="executable"/>
<property name="os.arch" value="amd64"/>
<property name="os.name" value="Mac OS X"/>
<property name="os.version" value="11.4.0"/>
<property name="path.separator" value=":"/>
<property name="spring.beaninfo.ignore" value="true"/>
<property name="sun.arch.data.model" value="64"/>
<property name="sun.jnu.encoding" value="UTF-8"/>
<property name="user.dir" value="/Users/linyoung/IdeaProjects/geekbang-homework/mercyblitz-projects/spring-native-demo-project"/>
<property name="user.home" value="/Users/linyoung"/>
<property name="user.name" value="linyoung"/>
<property name="user.timezone" value="Asia/Shanghai"/>
</properties>
<testcase name="contextLoads()" classname="me.young1lin.springnativedemoproject.SpringNativeDemoProjectApplicationTests" time="0">
<system-out><![CDATA[
unique-id: [engine:junit-jupiter]/[class:me.young1lin.springnativedemoproject.SpringNativeDemoProjectApplicationTests]/[method:contextLoads()]
display-name: contextLoads()
]]></system-out>
</testcase>
<system-out><![CDATA[
unique-id: [engine:junit-jupiter]
display-name: JUnit Jupiter
]]></system-out>
</testsuite>
